# JRE version: Java(TM) SE Runtime Environment (8.0_181-b13) (build 1.8.0_181-b13)
# Java VM: Java HotSpot(TM) 64-Bit Server VM (25.181-b13 mixed mode windows-amd64 compressed oops)
Heap:
 PSYoungGen      total 70656K, used 26017K [0x00000000d6200000, 0x00000000ddf00000, 0x0000000100000000)
  eden space 65536K, 31% used [0x00000000d6200000,0x00000000d766d818,0x00000000da200000)
  from space 5120K, 99% used [0x00000000da200000,0x00000000da6faed8,0x00000000da700000)
  to   space 9728K, 0% used [0x00000000dd580000,0x00000000dd580000,0x00000000ddf00000)
 ParOldGen       total 53760K, used 11205K [0x0000000082600000, 0x0000000085a80000, 0x00000000d6200000)
  object space 53760K, 20% used [0x0000000082600000,0x00000000830f15f8,0x0000000085a80000)
 Metaspace       used 28451K, capacity 30310K, committed 30592K, reserved 1075200K
  class space    used 3767K, capacity 4114K, committed 4224K, reserved 1048576K
GC Heap History (10 events):
Event: 2.588 GC heap before
{Heap before GC invocations=2 (full 0):
 PSYoungGen      total 37888K, used 37869K [0x00000000d6200000, 0x00000000d8c00000, 0x0000000100000000)
  eden space 32768K, 100% used [0x00000000d6200000,0x00000000d8200000,0x00000000d8200000)
  from space 5120K, 99% used [0x00000000d8200000,0x00000000d86fb650,0x00000000d8700000)
  to   space 5120K, 0% used [0x00000000d8700000,0x00000000d8700000,0x00000000d8c00000)
 ParOldGen       total 86016K, used 172K [0x0000000082600000, 0x0000000087a00000, 0x00000000d6200000)
  object space 86016K, 0% used [0x0000000082600000,0x000000008262b260,0x0000000087a00000)
 Metaspace       used 17162K, capacity 17878K, committed 18048K, reserved 1064960K
  class space    used 2209K, capacity 2395K, committed 2432K, reserved 1048576K
Event: 2.638 GC heap after
Heap after GC invocations=2 (full 0):
 PSYoungGen      total 37888K, used 5093K [0x00000000d6200000, 0x00000000dac00000, 0x0000000100000000)
  eden space 32768K, 0% used [0x00000000d6200000,0x00000000d6200000,0x00000000d8200000)
  from space 5120K, 99% used [0x00000000d8700000,0x00000000d8bf9560,0x00000000d8c00000)
  to   space 5120K, 0% used [0x00000000d8200000,0x00000000d8200000,0x00000000d8700000)
 ParOldGen       total 86016K, used 3117K [0x0000000082600000, 0x0000000087a00000, 0x00000000d6200000)
  object space 86016K, 3% used [0x0000000082600000,0x000000008290b410,0x0000000087a00000)
 Metaspace       used 17162K, capacity 17878K, committed 18048K, reserved 1064960K
  class space    used 2209K, capacity 2395K, committed 2432K, reserved 1048576K
}
Event: 3.337 GC heap before
{Heap before GC invocations=3 (full 0):
 PSYoungGen      total 37888K, used 37861K [0x00000000d6200000, 0x00000000dac00000, 0x0000000100000000)
  eden space 32768K, 100% used [0x00000000d6200000,0x00000000d8200000,0x00000000d8200000)
  from space 5120K, 99% used [0x00000000d8700000,0x00000000d8bf9560,0x00000000d8c00000)
  to   space 5120K, 0% used [0x00000000d8200000,0x00000000d8200000,0x00000000d8700000)
 ParOldGen       total 86016K, used 3117K [0x0000000082600000, 0x0000000087a00000, 0x00000000d6200000)
  object space 86016K, 3% used [0x0000000082600000,0x000000008290b410,0x0000000087a00000)
 Metaspace       used 19085K, capacity 19918K, committed 20096K, reserved 1067008K
  class space    used 2489K, capacity 2687K, committed 2688K, reserved 1048576K
Event: 3.344 GC heap after
Heap after GC invocations=3 (full 0):
 PSYoungGen      total 37888K, used 5112K [0x00000000d6200000, 0x00000000dac00000, 0x0000000100000000)
  eden space 32768K, 0% used [0x00000000d6200000,0x00000000d6200000,0x00000000d8200000)
  from space 5120K, 99% used [0x00000000d8200000,0x00000000d86fe030,0x00000000d8700000)
  to   space 5120K, 0% used [0x00000000da700000,0x00000000da700000,0x00000000dac00000)
 ParOldGen       total 86016K, used 5531K [0x0000000082600000, 0x0000000087a00000, 0x00000000d6200000)
  object space 86016K, 6% used [0x0000000082600000,0x0000000082b66e40,0x0000000087a00000)
 Metaspace       used 19085K, capacity 19918K, committed 20096K, reserved 1067008K
  class space    used 2489K, capacity 2687K, committed 2688K, reserved 1048576K
}
Event: 3.603 GC heap before
{Heap before GC invocations=4 (full 0):
 PSYoungGen      total 37888K, used 28966K [0x00000000d6200000, 0x00000000dac00000, 0x0000000100000000)
  eden space 32768K, 72% used [0x00000000d6200000,0x00000000d794bb10,0x00000000d8200000)
  from space 5120K, 99% used [0x00000000d8200000,0x00000000d86fe030,0x00000000d8700000)
  to   space 5120K, 0% used [0x00000000da700000,0x00000000da700000,0x00000000dac00000)
 ParOldGen       total 86016K, used 5531K [0x0000000082600000, 0x0000000087a00000, 0x00000000d6200000)
  object space 86016K, 6% used [0x0000000082600000,0x0000000082b66e40,0x0000000087a00000)
 Metaspace       used 20313K, capacity 21196K, committed 21296K, reserved 1067008K
  class space    used 2665K, capacity 2876K, committed 2944K, reserved 1048576K
Event: 3.612 GC heap after
Heap after GC invocations=4 (full 0):
 PSYoungGen      total 70656K, used 5112K [0x00000000d6200000, 0x00000000dac00000, 0x0000000100000000)
  eden space 65536K, 0% used [0x00000000d6200000,0x00000000d6200000,0x00000000da200000)
  from space 5120K, 99% used [0x00000000da700000,0x00000000dabfe030,0x00000000dac00000)
  to   space 5120K, 0% used [0x00000000da200000,0x00000000da200000,0x00000000da700000)
 ParOldGen       total 86016K, used 7184K [0x0000000082600000, 0x0000000087a00000, 0x00000000d6200000)
  object space 86016K, 8% used [0x0000000082600000,0x0000000082d04388,0x0000000087a00000)
 Metaspace       used 20313K, capacity 21196K, committed 21296K, reserved 1067008K
  class space    used 2665K, capacity 2876K, committed 2944K, reserved 1048576K
}
Event: 3.612 GC heap before
{Heap before GC invocations=5 (full 1):
 PSYoungGen      total 70656K, used 5112K [0x00000000d6200000, 0x00000000dac00000, 0x0000000100000000)
  eden space 65536K, 0% used [0x00000000d6200000,0x00000000d6200000,0x00000000da200000)
  from space 5120K, 99% used [0x00000000da700000,0x00000000dabfe030,0x00000000dac00000)
  to   space 5120K, 0% used [0x00000000da200000,0x00000000da200000,0x00000000da700000)
 ParOldGen       total 86016K, used 7184K [0x0000000082600000, 0x0000000087a00000, 0x00000000d6200000)
  object space 86016K, 8% used [0x0000000082600000,0x0000000082d04388,0x0000000087a00000)
 Metaspace       used 20313K, capacity 21196K, committed 21296K, reserved 1067008K
  class space    used 2665K, capacity 2876K, committed 2944K, reserved 1048576K
Event: 3.658 GC heap after
Heap after GC invocations=5 (full 1):
 PSYoungGen      total 70656K, used 0K [0x00000000d6200000, 0x00000000dac00000, 0x0000000100000000)
  eden space 65536K, 0% used [0x00000000d6200000,0x00000000d6200000,0x00000000da200000)
  from space 5120K, 0% used [0x00000000da700000,0x00000000da700000,0x00000000dac00000)
  to   space 5120K, 0% used [0x00000000da200000,0x00000000da200000,0x00000000da700000)
 ParOldGen       total 53760K, used 7150K [0x0000000082600000, 0x0000000085a80000, 0x00000000d6200000)
  object space 53760K, 13% used [0x0000000082600000,0x0000000082cfb8f0,0x0000000085a80000)
 Metaspace       used 20311K, capacity 21190K, committed 21296K, reserved 1067008K
  class space    used 2664K, capacity 2875K, committed 2944K, reserved 1048576K
}
Event: 4.755 GC heap before
{Heap before GC invocations=6 (full 1):
 PSYoungGen      total 70656K, used 65536K [0x00000000d6200000, 0x00000000dac00000, 0x0000000100000000)
  eden space 65536K, 100% used [0x00000000d6200000,0x00000000da200000,0x00000000da200000)
  from space 5120K, 0% used [0x00000000da700000,0x00000000da700000,0x00000000dac00000)
  to   space 5120K, 0% used [0x00000000da200000,0x00000000da200000,0x00000000da700000)
 ParOldGen       total 53760K, used 7150K [0x0000000082600000, 0x0000000085a80000, 0x00000000d6200000)
  object space 53760K, 13% used [0x0000000082600000,0x0000000082cfb8f0,0x0000000085a80000)
 Metaspace       used 26606K, capacity 28334K, committed 28544K, reserved 1073152K
  class space    used 3518K, capacity 3845K, committed 3968K, reserved 1048576K
Event: 4.766 GC heap after
Heap after GC invocations=6 (full 1):
 PSYoungGen      total 70656K, used 5099K [0x00000000d6200000, 0x00000000ddf00000, 0x0000000100000000)
  eden space 65536K, 0% used [0x00000000d6200000,0x00000000d6200000,0x00000000da200000)
  from space 5120K, 99% used [0x00000000da200000,0x00000000da6faed8,0x00000000da700000)
  to   space 9728K, 0% used [0x00000000dd580000,0x00000000dd580000,0x00000000ddf00000)
 ParOldGen       total 53760K, used 11205K [0x0000000082600000, 0x0000000085a80000, 0x00000000d6200000)
  object space 53760K, 20% used [0x0000000082600000,0x00000000830f15f8,0x0000000085a80000)
 Metaspace       used 26606K, capacity 28334K, committed 28544K, reserved 1073152K
  class space    used 3518K, capacity 3845K, committed 3968K, reserved 1048576K
}

